{"name":"Log","hostname":"lenovo-legion-l","pid":10996,"level":30,"msg":"Creating table: posts","time":"2022-05-07T15:25:15.830Z","v":0}
{"name":"Log","hostname":"lenovo-legion-l","pid":10996,"level":30,"msg":"Creating table: posts_meta","time":"2022-05-07T15:25:15.848Z","v":0}
{"name":"Log","hostname":"lenovo-legion-l","pid":10996,"level":30,"msg":"Creating table: users","time":"2022-05-07T15:25:15.870Z","v":0}
{"name":"Log","hostname":"lenovo-legion-l","pid":10996,"level":30,"msg":"Creating table: posts_authors","time":"2022-05-07T15:25:15.895Z","v":0}
{"name":"Log","hostname":"lenovo-legion-l","pid":10996,"level":30,"msg":"Creating table: roles","time":"2022-05-07T15:25:15.905Z","v":0}
{"name":"Log","hostname":"lenovo-legion-l","pid":10996,"level":30,"msg":"Creating table: roles_users","time":"2022-05-07T15:25:15.923Z","v":0}
{"name":"Log","hostname":"lenovo-legion-l","pid":10996,"level":30,"msg":"Creating table: permissions","time":"2022-05-07T15:25:15.932Z","v":0}
{"name":"Log","hostname":"lenovo-legion-l","pid":10996,"level":30,"msg":"Creating table: permissions_users","time":"2022-05-07T15:25:15.950Z","v":0}
{"name":"Log","hostname":"lenovo-legion-l","pid":10996,"level":30,"msg":"Creating table: permissions_roles","time":"2022-05-07T15:25:15.959Z","v":0}
{"name":"Log","hostname":"lenovo-legion-l","pid":10996,"level":30,"msg":"Creating table: permissions_apps","time":"2022-05-07T15:25:15.972Z","v":0}
{"name":"Log","hostname":"lenovo-legion-l","pid":10996,"level":30,"msg":"Creating table: settings","time":"2022-05-07T15:25:15.983Z","v":0}
{"name":"Log","hostname":"lenovo-legion-l","pid":10996,"level":30,"msg":"Creating table: tags","time":"2022-05-07T15:25:15.999Z","v":0}
{"name":"Log","hostname":"lenovo-legion-l","pid":10996,"level":30,"msg":"Creating table: posts_tags","time":"2022-05-07T15:25:16.016Z","v":0}
{"name":"Log","hostname":"lenovo-legion-l","pid":10996,"level":30,"msg":"Creating table: apps","time":"2022-05-07T15:25:16.024Z","v":0}
{"name":"Log","hostname":"lenovo-legion-l","pid":10996,"level":30,"msg":"Creating table: app_settings","time":"2022-05-07T15:25:16.048Z","v":0}
{"name":"Log","hostname":"lenovo-legion-l","pid":10996,"level":30,"msg":"Creating table: app_fields","time":"2022-05-07T15:25:16.064Z","v":0}
{"name":"Log","hostname":"lenovo-legion-l","pid":10996,"level":30,"msg":"Creating table: invites","time":"2022-05-07T15:25:16.073Z","v":0}
{"name":"Log","hostname":"lenovo-legion-l","pid":10996,"level":30,"msg":"Creating table: brute","time":"2022-05-07T15:25:16.097Z","v":0}
{"name":"Log","hostname":"lenovo-legion-l","pid":10996,"level":30,"msg":"Creating table: webhooks","time":"2022-05-07T15:25:16.106Z","v":0}
{"name":"Log","hostname":"lenovo-legion-l","pid":10996,"level":30,"msg":"Creating table: sessions","time":"2022-05-07T15:25:16.115Z","v":0}
{"name":"Log","hostname":"lenovo-legion-l","pid":10996,"level":30,"msg":"Creating table: integrations","time":"2022-05-07T15:25:16.127Z","v":0}
{"name":"Log","hostname":"lenovo-legion-l","pid":10996,"level":30,"msg":"Creating table: api_keys","time":"2022-05-07T15:25:16.139Z","v":0}
{"name":"Log","hostname":"lenovo-legion-l","pid":10996,"level":30,"msg":"Creating table: mobiledoc_revisions","time":"2022-05-07T15:25:16.156Z","v":0}
{"name":"Log","hostname":"lenovo-legion-l","pid":10996,"level":30,"msg":"Creating table: members","time":"2022-05-07T15:25:16.173Z","v":0}
{"name":"Log","hostname":"lenovo-legion-l","pid":10996,"level":30,"msg":"Creating table: labels","time":"2022-05-07T15:25:16.207Z","v":0}
{"name":"Log","hostname":"lenovo-legion-l","pid":10996,"level":30,"msg":"Creating table: members_labels","time":"2022-05-07T15:25:16.233Z","v":0}
{"name":"Log","hostname":"lenovo-legion-l","pid":10996,"level":30,"msg":"Creating table: members_stripe_customers","time":"2022-05-07T15:25:16.243Z","v":0}
{"name":"Log","hostname":"lenovo-legion-l","pid":10996,"level":30,"msg":"Creating table: members_stripe_customers_subscriptions","time":"2022-05-07T15:25:16.262Z","v":0}
{"name":"Log","hostname":"lenovo-legion-l","pid":10996,"level":30,"msg":"Creating table: actions","time":"2022-05-07T15:25:16.280Z","v":0}
{"name":"Log","hostname":"lenovo-legion-l","pid":10996,"level":30,"msg":"Creating table: emails","time":"2022-05-07T15:25:16.294Z","v":0}
{"name":"Log","hostname":"lenovo-legion-l","pid":10996,"level":30,"msg":"Creating table: email_batches","time":"2022-05-07T15:25:16.319Z","v":0}
{"name":"Log","hostname":"lenovo-legion-l","pid":10996,"level":30,"msg":"Creating table: email_recipients","time":"2022-05-07T15:25:16.327Z","v":0}
{"name":"Log","hostname":"lenovo-legion-l","pid":10996,"level":30,"msg":"Creating table: tokens","time":"2022-05-07T15:25:16.375Z","v":0}
{"name":"Log","hostname":"lenovo-legion-l","pid":10996,"level":30,"msg":"Creating table: snippets","time":"2022-05-07T15:25:16.391Z","v":0}
{"name":"Log","hostname":"lenovo-legion-l","pid":10996,"level":30,"msg":"Model: Tag","time":"2022-05-07T15:25:16.417Z","v":0}
{"name":"Log","hostname":"lenovo-legion-l","pid":10996,"level":30,"msg":"Model: Role","time":"2022-05-07T15:25:16.432Z","v":0}
{"name":"Log","hostname":"lenovo-legion-l","pid":10996,"level":30,"msg":"Model: Permission","time":"2022-05-07T15:25:16.445Z","v":0}
{"name":"Log","hostname":"lenovo-legion-l","pid":10996,"level":30,"msg":"Model: User","time":"2022-05-07T15:25:16.549Z","v":0}
{"name":"Log","hostname":"lenovo-legion-l","pid":10996,"level":30,"msg":"Model: Post","time":"2022-05-07T15:25:17.296Z","v":0}
{"name":"Log","hostname":"lenovo-legion-l","pid":10996,"level":30,"msg":"Model: Integration","time":"2022-05-07T15:25:17.453Z","v":0}
{"name":"Log","hostname":"lenovo-legion-l","pid":10996,"level":30,"msg":"Relation: Role to Permission","time":"2022-05-07T15:25:17.469Z","v":0}
{"name":"Log","hostname":"lenovo-legion-l","pid":10996,"level":30,"msg":"Relation: Post to Tag","time":"2022-05-07T15:25:17.597Z","v":0}
{"name":"Log","hostname":"lenovo-legion-l","pid":10996,"level":30,"msg":"Relation: User to Role","time":"2022-05-07T15:25:17.613Z","v":0}
{"name":"Log","hostname":"lenovo-legion-l","pid":10996,"level":30,"msg":"Ghost is running in development...","time":"2022-05-07T15:25:19.563Z","v":0}
{"name":"Log","hostname":"lenovo-legion-l","pid":10996,"level":30,"msg":"Listening on: 127.0.0.1:2368","time":"2022-05-07T15:25:19.564Z","v":0}
{"name":"Log","hostname":"lenovo-legion-l","pid":10996,"level":30,"msg":"Url configured as: http://localhost:2368/","time":"2022-05-07T15:25:19.565Z","v":0}
{"name":"Log","hostname":"lenovo-legion-l","pid":10996,"level":30,"msg":"Ctrl+C to shut down","time":"2022-05-07T15:25:19.565Z","v":0}
{"name":"Log","hostname":"lenovo-legion-l","pid":10996,"level":30,"msg":"Ghost boot 4.839s","time":"2022-05-07T15:25:19.566Z","v":0}
{"name":"Log","hostname":"lenovo-legion-l","pid":10996,"level":40,"msg":"Ghost is shutting down","time":"2022-05-07T15:25:26.339Z","v":0}
{"name":"Log","hostname":"lenovo-legion-l","pid":10996,"level":40,"msg":"Ghost has shut down","time":"2022-05-07T15:25:26.342Z","v":0}
{"name":"Log","hostname":"lenovo-legion-l","pid":13043,"level":30,"msg":"Ghost is running in development...","time":"2022-05-07T15:33:27.357Z","v":0}
{"name":"Log","hostname":"lenovo-legion-l","pid":13043,"level":30,"msg":"Listening on: 127.0.0.1:2368","time":"2022-05-07T15:33:27.357Z","v":0}
{"name":"Log","hostname":"lenovo-legion-l","pid":13043,"level":30,"msg":"Url configured as: http://localhost:2368/","time":"2022-05-07T15:33:27.358Z","v":0}
{"name":"Log","hostname":"lenovo-legion-l","pid":13043,"level":30,"msg":"Ctrl+C to shut down","time":"2022-05-07T15:33:27.358Z","v":0}
{"name":"Log","hostname":"lenovo-legion-l","pid":13043,"level":30,"msg":"Ghost boot 1.815s","time":"2022-05-07T15:33:27.360Z","v":0}
{"name":"Log","hostname":"lenovo-legion-l","pid":13043,"level":40,"msg":"Ghost is shutting down","time":"2022-05-07T15:33:49.125Z","v":0}
{"name":"Log","hostname":"lenovo-legion-l","pid":13043,"level":40,"msg":"Ghost has shut down","time":"2022-05-07T15:33:49.127Z","v":0}
{"name":"Log","hostname":"lenovo-legion-l","pid":13340,"level":30,"msg":"Ghost is running in development...","time":"2022-05-07T15:34:26.109Z","v":0}
{"name":"Log","hostname":"lenovo-legion-l","pid":13340,"level":30,"msg":"Listening on: 127.0.0.1:2368","time":"2022-05-07T15:34:26.110Z","v":0}
{"name":"Log","hostname":"lenovo-legion-l","pid":13340,"level":30,"msg":"Url configured as: http://localhost:2368/","time":"2022-05-07T15:34:26.110Z","v":0}
{"name":"Log","hostname":"lenovo-legion-l","pid":13340,"level":30,"msg":"Ctrl+C to shut down","time":"2022-05-07T15:34:26.111Z","v":0}
{"name":"Log","hostname":"lenovo-legion-l","pid":13340,"level":30,"msg":"Ghost boot 1.824s","time":"2022-05-07T15:34:26.112Z","v":0}
{"name":"Log","hostname":"lenovo-legion-l","pid":13340,"level":40,"msg":"Ghost is shutting down","time":"2022-05-07T15:34:35.512Z","v":0}
{"name":"Log","hostname":"lenovo-legion-l","pid":13340,"level":40,"msg":"Ghost has shut down","time":"2022-05-07T15:34:35.515Z","v":0}
{"name":"Log","hostname":"lenovo-legion-l","pid":13582,"level":30,"msg":"Ghost is running in development...","time":"2022-05-07T15:35:55.619Z","v":0}
{"name":"Log","hostname":"lenovo-legion-l","pid":13582,"level":30,"msg":"Listening on: 127.0.0.1:2368","time":"2022-05-07T15:35:55.620Z","v":0}
{"name":"Log","hostname":"lenovo-legion-l","pid":13582,"level":30,"msg":"Url configured as: http://localhost:2368/","time":"2022-05-07T15:35:55.620Z","v":0}
{"name":"Log","hostname":"lenovo-legion-l","pid":13582,"level":30,"msg":"Ctrl+C to shut down","time":"2022-05-07T15:35:55.621Z","v":0}
{"name":"Log","hostname":"lenovo-legion-l","pid":13582,"level":30,"msg":"Ghost boot 1.837s","time":"2022-05-07T15:35:55.622Z","v":0}
{"name":"Log","hostname":"lenovo-legion-l","pid":13582,"level":40,"msg":"Ghost is shutting down","time":"2022-05-07T15:36:02.464Z","v":0}
{"name":"Log","hostname":"lenovo-legion-l","pid":13582,"level":40,"msg":"Ghost has shut down","time":"2022-05-07T15:36:02.466Z","v":0}
